\BOOKMARK [0][-]{chapter.1}{\376\377\000イ\000ン\000ト\000ロ\000ダ\000ク\000シ\000ョ\000ン\000イ\000ン\000ト\000ロ\000ダ\000ク\000シ\000ョ\000ン}{}% 1
\BOOKMARK [1][-]{section.1.1}{\376\377\000シ\000ス\000テ\000ム\000の\000デ\000ィ\000ペ\000ン\000ダ\000ビ\000リ\000テ\000ィ\000：\000基\000礎\000概\000念\000と\000現\000代\000的\000課\000題\000シ\000ス\000テ\000ム\000の\000デ\000ィ\000ペ\000ン\000ダ\000ビ\000リ\000テ\000ィ\000：\000基\000礎\000概\000念\000と\000現\000代\000的\000課\000題}{chapter.1}% 2
\BOOKMARK [2][-]{subsection.1.1.1}{\376\377\000シ\000ス\000テ\000ム\000と\000は\000何\000か\000シ\000ス\000テ\000ム\000と\000は\000何\000か}{section.1.1}% 3
\BOOKMARK [2][-]{subsection.1.1.2}{\376\377\000デ\000ィ\000ペ\000ン\000ダ\000ビ\000リ\000テ\000ィ\000の\000概\000念\000デ\000ィ\000ペ\000ン\000ダ\000ビ\000リ\000テ\000ィ\000の\000概\000念}{section.1.1}% 4
\BOOKMARK [1][-]{section.1.2}{\376\377\000デ\000ィ\000ペ\000ン\000ダ\000ビ\000リ\000テ\000ィ\000の\000体\000系\000と\000用\000語\000デ\000ィ\000ペ\000ン\000ダ\000ビ\000リ\000テ\000ィ\000の\000体\000系\000と\000用\000語}{chapter.1}% 5
\BOOKMARK [2][-]{subsection.1.2.1}{\376\377\000デ\000ィ\000ペ\000ン\000ダ\000ビ\000リ\000テ\000ィ\000属\000性\000デ\000ィ\000ペ\000ン\000ダ\000ビ\000リ\000テ\000ィ\000属\000性}{section.1.2}% 6
\BOOKMARK [2][-]{subsection.1.2.2}{\376\377\000デ\000ィ\000ペ\000ン\000ダ\000ビ\000リ\000テ\000ィ\000へ\000の\000脅\000威\000デ\000ィ\000ペ\000ン\000ダ\000ビ\000リ\000テ\000ィ\000へ\000の\000脅\000威}{section.1.2}% 7
\BOOKMARK [2][-]{subsection.1.2.3}{\376\377\000デ\000ィ\000ペ\000ン\000ダ\000ビ\000リ\000テ\000ィ\000へ\000の\000脅\000威\000に\000対\000処\000す\000る\000手\000段\000デ\000ィ\000ペ\000ン\000ダ\000ビ\000リ\000テ\000ィ\000へ\000の\000脅\000威\000に\000対\000処\000す\000る\000手\000段}{section.1.2}% 8
\BOOKMARK [1][-]{section.1.3}{\376\377\000現\000代\000の\000シ\000ス\000テ\000ム\000と\000デ\000ィ\000ペ\000ン\000ダ\000ビ\000リ\000テ\000ィ\000の\000課\000題\000現\000代\000の\000シ\000ス\000テ\000ム\000と\000デ\000ィ\000ペ\000ン\000ダ\000ビ\000リ\000テ\000ィ\000の\000課\000題}{chapter.1}% 9
\BOOKMARK [0][-]{chapter.2}{\376\377\000安\000全\000分\000析\000の\000基\000本\000手\000法\000:\000\040\000F\000T\000A\000と\000F\000M\000E\000A\000安\000全\000分\000析\000の\000基\000本\000手\000法\000:\000\040\000F\000T\000A\000と\000F\000M\000E\000A}{}% 10
\BOOKMARK [1][-]{section.2.1}{\376\377\000未\000然\000防\000止\000の\000手\000法\000未\000然\000防\000止\000の\000手\000法}{chapter.2}% 11
\BOOKMARK [1][-]{section.2.2}{\376\377\000F\000T\000A\000と\000F\000M\000E\000A\000F\000T\000A\000と\000F\000M\000E\000A}{chapter.2}% 12
\BOOKMARK [1][-]{section.2.3}{\376\377\000F\000T\000A\000\050\000F\000a\000u\000l\000t\000\040\000T\000r\000e\000e\000\040\000A\000n\000a\000l\000y\000s\000i\000s\000、\000故\000障\000の\000木\000解\000析\000\051\000F\000T\000A\000\050\000F\000a\000u\000l\000t\000\040\000T\000r\000e\000e\000\040\000A\000n\000a\000l\000y\000s\000i\000s\000、\000故\000障\000の\000木\000解\000析\000\051}{chapter.2}% 13
\BOOKMARK [2][-]{subsection.2.3.1}{\376\377\000F\000T\000図\000を\000読\000む\000F\000T\000図\000を\000読\000む}{section.2.3}% 14
\BOOKMARK [2][-]{subsection.2.3.2}{\376\377\000F\000T\000図\000の\000作\000成\000F\000T\000図\000の\000作\000成}{section.2.3}% 15
\BOOKMARK [1][-]{section.2.4}{\376\377\000F\000T\000図\000で\000定\000量\000的\000に\000解\000析\000す\000る\000F\000T\000図\000で\000定\000量\000的\000に\000解\000析\000す\000る}{chapter.2}% 16
\BOOKMARK [1][-]{section.2.5}{\376\377\000F\000T\000図\000で\000定\000性\000的\000に\000解\000析\000す\000る\000F\000T\000図\000で\000定\000性\000的\000に\000解\000析\000す\000る}{chapter.2}% 17
\BOOKMARK [2][-]{subsection.2.5.1}{\376\377\000最\000小\000カ\000ッ\000ト\000集\000合\000を\000利\000用\000し\000た\000方\000法\000最\000小\000カ\000ッ\000ト\000集\000合\000を\000利\000用\000し\000た\000方\000法}{section.2.5}% 18
\BOOKMARK [2][-]{subsection.2.5.2}{\376\377\000構\000造\000重\000要\000度\000を\000利\000用\000し\000た\000方\000法\000構\000造\000重\000要\000度\000を\000利\000用\000し\000た\000方\000法}{section.2.5}% 19
\BOOKMARK [1][-]{section.2.6}{\376\377\000F\000T\000A\000実\000施\000上\000の\000留\000意\000点\000F\000T\000A\000実\000施\000上\000の\000留\000意\000点}{chapter.2}% 20
\BOOKMARK [0][-]{chapter.3}{\376\377\000安\000全\000分\000析\000手\000法\000S\000T\000A\000M\000P\000/\000S\000T\000P\000A\000安\000全\000分\000析\000手\000法\000S\000T\000A\000M\000P\000/\000S\000T\000P\000A}{}% 21
\BOOKMARK [1][-]{section.3.1}{\376\377\000S\000T\000A\000M\000P\000の\000概\000要\000S\000T\000A\000M\000P\000の\000概\000要}{chapter.3}% 22
\BOOKMARK [1][-]{section.3.2}{\376\377\000S\000T\000P\000A\000S\000T\000P\000A}{chapter.3}% 23
\BOOKMARK [2][-]{subsection.3.2.1}{\376\377\000S\000T\000P\000A\000の\000手\000順\000S\000T\000P\000A\000の\000手\000順}{section.3.2}% 24
\BOOKMARK [2][-]{subsection.3.2.2}{\376\377\000S\000t\000e\000p\000\040\0001\000:\000\040\000分\000析\000目\000的\000の\000定\000義\000S\000t\000e\000p\000\040\0001\000:\000\040\000分\000析\000目\000的\000の\000定\000義}{section.3.2}% 25
\BOOKMARK [2][-]{subsection.3.2.3}{\376\377\000S\000t\000e\000p\000\040\0002\000:\000\040\000安\000全\000制\000御\000構\000造\000図\000の\000モ\000デ\000ル\000化\000S\000t\000e\000p\000\040\0002\000:\000\040\000安\000全\000制\000御\000構\000造\000図\000の\000モ\000デ\000ル\000化}{section.3.2}% 26
\BOOKMARK [2][-]{subsection.3.2.4}{\376\377\000S\000t\000e\000p\000\040\0003\000:\000\040\000非\000安\000全\000制\000御\000動\000作\000の\000識\000別\000S\000t\000e\000p\000\040\0003\000:\000\040\000非\000安\000全\000制\000御\000動\000作\000の\000識\000別}{section.3.2}% 27
\BOOKMARK [2][-]{subsection.3.2.5}{\376\377\000S\000t\000e\000p\000\040\0004\000:\000\040\000ロ\000ス\000シ\000ナ\000リ\000オ\000の\000識\000別\000S\000t\000e\000p\000\040\0004\000:\000\040\000ロ\000ス\000シ\000ナ\000リ\000オ\000の\000識\000別}{section.3.2}% 28
\BOOKMARK [1][-]{section.3.3}{\376\377\000脅\000威\000分\000析\000手\000法\000\040\000S\000T\000P\000A\000-\000S\000e\000c\000脅\000威\000分\000析\000手\000法\000\040\000S\000T\000P\000A\000-\000S\000e\000c}{chapter.3}% 29
\BOOKMARK [2][-]{subsection.3.3.1}{\376\377\000ウ\000ォ\000ー\000ゲ\000ー\000ム\000\050\000W\000a\000r\000g\000a\000m\000i\000n\000g\000\051\000ウ\000ォ\000ー\000ゲ\000ー\000ム\000\050\000W\000a\000r\000g\000a\000m\000i\000n\000g\000\051}{section.3.3}% 30
\BOOKMARK [1][-]{section.3.4}{\376\377\000事\000例\000研\000究\000:\000\040\000自\000動\000運\000転\000シ\000ス\000テ\000ム\000へ\000の\000S\000T\000P\000A\000の\000適\000用\000事\000例\000研\000究\000:\000\040\000自\000動\000運\000転\000シ\000ス\000テ\000ム\000へ\000の\000S\000T\000P\000A\000の\000適\000用}{chapter.3}% 31
\BOOKMARK [2][-]{subsection.3.4.1}{\376\377\000S\000t\000e\000p\000\040\0001\000:\000\040\000分\000析\000目\000的\000の\000定\000義\000S\000t\000e\000p\000\040\0001\000:\000\040\000分\000析\000目\000的\000の\000定\000義}{section.3.4}% 32
\BOOKMARK [2][-]{subsection.3.4.2}{\376\377\000S\000t\000e\000p\000\040\0002\000:\000\040\000制\000御\000構\000造\000図\000の\000モ\000デ\000ル\000化\000S\000t\000e\000p\000\040\0002\000:\000\040\000制\000御\000構\000造\000図\000の\000モ\000デ\000ル\000化}{section.3.4}% 33
\BOOKMARK [2][-]{subsection.3.4.3}{\376\377\000S\000t\000e\000p\000\040\0003\000:\000\040\000非\000安\000全\000制\000御\000動\000作\000の\000識\000別\000S\000t\000e\000p\000\040\0003\000:\000\040\000非\000安\000全\000制\000御\000動\000作\000の\000識\000別}{section.3.4}% 34
\BOOKMARK [2][-]{subsection.3.4.4}{\376\377\000S\000t\000e\000p\000\040\0004\000:\000\040\000ロ\000ス\000シ\000ナ\000リ\000オ\000の\000識\000別\000S\000t\000e\000p\000\040\0004\000:\000\040\000ロ\000ス\000シ\000ナ\000リ\000オ\000の\000識\000別}{section.3.4}% 35
\BOOKMARK [1][-]{section.3.5}{\376\377\000ま\000と\000め\000ま\000と\000め}{chapter.3}% 36
\BOOKMARK [1][-]{section.3.6}{\376\377\000参\000考\000文\000献\000参\000考\000文\000献}{chapter.3}% 37
\BOOKMARK [0][-]{chapter.4}{\376\377\000モ\000デ\000ル\000ベ\000ー\000ス\000シ\000ス\000テ\000ム\000ズ\000エ\000ン\000ジ\000ニ\000ア\000リ\000ン\000グ\000モ\000デ\000ル\000ベ\000ー\000ス\000シ\000ス\000テ\000ム\000ズ\000エ\000ン\000ジ\000ニ\000ア\000リ\000ン\000グ}{}% 38
\BOOKMARK [1][-]{section.4.1}{\376\377\000シ\000ス\000テ\000ム\000エ\000ン\000ジ\000ニ\000ア\000リ\000ン\000グ\000の\000基\000礎\000シ\000ス\000テ\000ム\000エ\000ン\000ジ\000ニ\000ア\000リ\000ン\000グ\000の\000基\000礎}{chapter.4}% 39
\BOOKMARK [2][-]{subsection.4.1.1}{\376\377\000シ\000ス\000テ\000ム\000エ\000ン\000ジ\000ニ\000ア\000リ\000ン\000グ\000と\000は\000シ\000ス\000テ\000ム\000エ\000ン\000ジ\000ニ\000ア\000リ\000ン\000グ\000と\000は}{section.4.1}% 40
\BOOKMARK [2][-]{subsection.4.1.2}{\376\377\000シ\000ス\000テ\000ム\000エ\000ン\000ジ\000ニ\000ア\000リ\000ン\000グ\000の\000知\000見\000シ\000ス\000テ\000ム\000エ\000ン\000ジ\000ニ\000ア\000リ\000ン\000グ\000の\000知\000見}{section.4.1}% 41
\BOOKMARK [2][-]{subsection.4.1.3}{\376\377\000シ\000ス\000テ\000ム\000に\000関\000す\000る\000概\000念\000の\000定\000義\000シ\000ス\000テ\000ム\000に\000関\000す\000る\000概\000念\000の\000定\000義}{section.4.1}% 42
\BOOKMARK [2][-]{subsection.4.1.4}{\376\377\000シ\000ス\000テ\000ム\000の\000開\000発\000や\000運\000用\000に\000お\000い\000て\000あ\000り\000う\000る\000活\000動\000の\000定\000義\000シ\000ス\000テ\000ム\000の\000開\000発\000や\000運\000用\000に\000お\000い\000て\000あ\000り\000う\000る\000活\000動\000の\000定\000義}{section.4.1}% 43
\BOOKMARK [2][-]{subsection.4.1.5}{\376\377\000シ\000ス\000テ\000ム\000を\000記\000述\000す\000る\000た\000め\000に\000必\000要\000な\000観\000点\000の\000提\000供\000シ\000ス\000テ\000ム\000を\000記\000述\000す\000る\000た\000め\000に\000必\000要\000な\000観\000点\000の\000提\000供}{section.4.1}% 44
\BOOKMARK [1][-]{section.4.2}{\376\377\000モ\000デ\000ル\000ベ\000ー\000ス\000ド\000シ\000ス\000テ\000ム\000ズ\000エ\000ン\000ジ\000ニ\000ア\000リ\000ン\000グ\000（\000M\000B\000S\000E\000）\000モ\000デ\000ル\000ベ\000ー\000ス\000ド\000シ\000ス\000テ\000ム\000ズ\000エ\000ン\000ジ\000ニ\000ア\000リ\000ン\000グ\000（\000M\000B\000S\000E\000）}{chapter.4}% 45
\BOOKMARK [2][-]{subsection.4.2.1}{\376\377\000M\000B\000S\000E\000の\000概\000念\000M\000B\000S\000E\000の\000概\000念}{section.4.2}% 46
\BOOKMARK [2][-]{subsection.4.2.2}{\376\377\000S\000y\000s\000M\000L\000（\000S\000y\000s\000t\000e\000m\000s\000\040\000M\000o\000d\000e\000l\000i\000n\000g\000\040\000L\000a\000n\000g\000u\000a\000g\000e\000）\000S\000y\000s\000M\000L\000（\000S\000y\000s\000t\000e\000m\000s\000\040\000M\000o\000d\000e\000l\000i\000n\000g\000\040\000L\000a\000n\000g\000u\000a\000g\000e\000）}{section.4.2}% 47
\BOOKMARK [1][-]{section.4.3}{\376\377\000S\000y\000s\000M\000L\000を\000用\000い\000た\000シ\000ス\000テ\000ム\000モ\000デ\000リ\000ン\000グ\000S\000y\000s\000M\000L\000を\000用\000い\000た\000シ\000ス\000テ\000ム\000モ\000デ\000リ\000ン\000グ}{chapter.4}% 48
\BOOKMARK [2][-]{subsection.4.3.1}{\376\377\000構\000造\000の\000モ\000デ\000リ\000ン\000グ\000構\000造\000の\000モ\000デ\000リ\000ン\000グ}{section.4.3}% 49
\BOOKMARK [2][-]{subsection.4.3.2}{\376\377\000振\000る\000舞\000い\000の\000モ\000デ\000リ\000ン\000グ\000振\000る\000舞\000い\000の\000モ\000デ\000リ\000ン\000グ}{section.4.3}% 50
\BOOKMARK [2][-]{subsection.4.3.3}{\376\377\000パ\000ラ\000メ\000ー\000タ\000間\000の\000関\000係\000の\000モ\000デ\000リ\000ン\000グ\000パ\000ラ\000メ\000ー\000タ\000間\000の\000関\000係\000の\000モ\000デ\000リ\000ン\000グ}{section.4.3}% 51
\BOOKMARK [2][-]{subsection.4.3.4}{\376\377\000要\000求\000の\000モ\000デ\000リ\000ン\000グ\000要\000求\000の\000モ\000デ\000リ\000ン\000グ}{section.4.3}% 52
\BOOKMARK [1][-]{section.4.4}{\376\377\000ト\000レ\000ー\000ド\000オ\000フ\000分\000析\000ト\000レ\000ー\000ド\000オ\000フ\000分\000析}{chapter.4}% 53
\BOOKMARK [2][-]{subsection.4.4.1}{\376\377\000ト\000レ\000ー\000ド\000オ\000フ\000分\000析\000の\000概\000要\000ト\000レ\000ー\000ド\000オ\000フ\000分\000析\000の\000概\000要}{section.4.4}% 54
\BOOKMARK [2][-]{subsection.4.4.2}{\376\377\000記\000述\000型\000モ\000デ\000ル\000と\000分\000析\000型\000モ\000デ\000ル\000の\000連\000携\000記\000述\000型\000モ\000デ\000ル\000と\000分\000析\000型\000モ\000デ\000ル\000の\000連\000携}{section.4.4}% 55
\BOOKMARK [2][-]{subsection.4.4.3}{\376\377\000ト\000レ\000ー\000ド\000オ\000フ\000分\000析\000の\000手\000順\000ト\000レ\000ー\000ド\000オ\000フ\000分\000析\000の\000手\000順}{section.4.4}% 56
\BOOKMARK [1][-]{section.4.5}{\376\377\000事\000例\000研\000究\000:\000\040\000自\000動\000駐\000車\000シ\000ス\000テ\000ム\000事\000例\000研\000究\000:\000\040\000自\000動\000駐\000車\000シ\000ス\000テ\000ム}{chapter.4}% 57
\BOOKMARK [2][-]{subsection.4.5.1}{\376\377\000シ\000ス\000テ\000ム\000概\000要\000シ\000ス\000テ\000ム\000概\000要}{section.4.5}% 58
\BOOKMARK [2][-]{subsection.4.5.2}{\376\377\000能\000力\000の\000定\000義\000と\000評\000価\000指\000標\000能\000力\000の\000定\000義\000と\000評\000価\000指\000標}{section.4.5}% 59
\BOOKMARK [2][-]{subsection.4.5.3}{\376\377\000リ\000ソ\000ー\000ス\000ア\000ー\000キ\000テ\000ク\000チ\000ャ\000の\000検\000討\000リ\000ソ\000ー\000ス\000ア\000ー\000キ\000テ\000ク\000チ\000ャ\000の\000検\000討}{section.4.5}% 60
\BOOKMARK [2][-]{subsection.4.5.4}{\376\377\000分\000析\000ケ\000ー\000ス\000の\000定\000義\000分\000析\000ケ\000ー\000ス\000の\000定\000義}{section.4.5}% 61
\BOOKMARK [2][-]{subsection.4.5.5}{\376\377\000シ\000ミ\000ュ\000レ\000ー\000シ\000ョ\000ン\000と\000分\000析\000シ\000ミ\000ュ\000レ\000ー\000シ\000ョ\000ン\000と\000分\000析}{section.4.5}% 62
\BOOKMARK [2][-]{subsection.4.5.6}{\376\377\000結\000果\000の\000評\000価\000と\000ト\000レ\000ー\000ド\000オ\000フ\000分\000析\000結\000果\000の\000評\000価\000と\000ト\000レ\000ー\000ド\000オ\000フ\000分\000析}{section.4.5}% 63
\BOOKMARK [1][-]{section.4.6}{\376\377\000ま\000と\000め\000ま\000と\000め}{chapter.4}% 64
\BOOKMARK [0][-]{chapter.5}{\376\377\000ア\000シ\000ュ\000ア\000ラ\000ン\000ス\000ケ\000ー\000ス\000と\000G\000S\000N\000ア\000シ\000ュ\000ア\000ラ\000ン\000ス\000ケ\000ー\000ス\000と\000G\000S\000N}{}% 65
\BOOKMARK [1][-]{section.5.1}{\376\377\000ア\000シ\000ュ\000ア\000ラ\000ン\000ス\000ケ\000ー\000ス\000と\000は\000ア\000シ\000ュ\000ア\000ラ\000ン\000ス\000ケ\000ー\000ス\000と\000は}{chapter.5}% 66
\BOOKMARK [1][-]{section.5.2}{\376\377\000セ\000ー\000フ\000テ\000ィ\000ケ\000ー\000ス\000の\000重\000要\000性\000セ\000ー\000フ\000テ\000ィ\000ケ\000ー\000ス\000の\000重\000要\000性}{chapter.5}% 67
\BOOKMARK [1][-]{section.5.3}{\376\377\000D\000-\000C\000a\000s\000e\000の\000概\000要\000と\000基\000本\000原\000則\000D\000-\000C\000a\000s\000e\000の\000概\000要\000と\000基\000本\000原\000則}{chapter.5}% 68
\BOOKMARK [2][-]{subsection.5.3.1}{\376\377\000D\000-\000C\000a\000s\000e\000と\000は\000D\000-\000C\000a\000s\000e\000と\000は}{section.5.3}% 69
\BOOKMARK [1][-]{section.5.4}{\376\377\000D\000-\000C\000a\000s\000e\000の\000目\000的\000:\000\040\000ミ\000ニ\000マ\000ム\000の\000合\000意\000形\000成\000D\000-\000C\000a\000s\000e\000の\000目\000的\000:\000\040\000ミ\000ニ\000マ\000ム\000の\000合\000意\000形\000成}{chapter.5}% 70
\BOOKMARK [2][-]{subsection.5.4.1}{\376\377\000D\000-\000C\000a\000s\000e\000の\000基\000本\000的\000な\000考\000え\000方\000D\000-\000C\000a\000s\000e\000の\000基\000本\000的\000な\000考\000え\000方}{section.5.4}% 71
\BOOKMARK [1][-]{section.5.5}{\376\377\000G\000S\000N\000（\000G\000o\000a\000l\000\040\000S\000t\000r\000u\000c\000t\000u\000r\000i\000n\000g\000\040\000N\000o\000t\000a\000t\000i\000o\000n\000）\000G\000S\000N\000（\000G\000o\000a\000l\000\040\000S\000t\000r\000u\000c\000t\000u\000r\000i\000n\000g\000\040\000N\000o\000t\000a\000t\000i\000o\000n\000）}{chapter.5}% 72
\BOOKMARK [2][-]{subsection.5.5.1}{\376\377\000G\000S\000N\000の\000概\000要\000G\000S\000N\000の\000概\000要}{section.5.5}% 73
\BOOKMARK [1][-]{section.5.6}{\376\377\000G\000S\000N\000の\000基\000本\000要\000素\000G\000S\000N\000の\000基\000本\000要\000素}{chapter.5}% 74
\BOOKMARK [2][-]{subsection.5.6.1}{\376\377\000G\000S\000N\000の\000ノ\000ー\000ド\000接\000続\000ル\000ー\000ル\000G\000S\000N\000の\000ノ\000ー\000ド\000接\000続\000ル\000ー\000ル}{section.5.6}% 75
\BOOKMARK [2][-]{subsection.5.6.2}{\376\377\000G\000S\000N\000の\000作\000成\000例\000G\000S\000N\000の\000作\000成\000例}{section.5.6}% 76
\BOOKMARK [1][-]{section.5.7}{\376\377\000D\000-\000C\000a\000s\000e\000ス\000テ\000ッ\000プ\000D\000-\000C\000a\000s\000e\000ス\000テ\000ッ\000プ}{chapter.5}% 77
\BOOKMARK [2][-]{subsection.5.7.1}{\376\377\000D\000-\000C\000a\000s\000e\000ス\000テ\000ッ\000プ\000の\000概\000要\000D\000-\000C\000a\000s\000e\000ス\000テ\000ッ\000プ\000の\000概\000要}{section.5.7}% 78
\BOOKMARK [2][-]{subsection.5.7.2}{\376\377\000ス\000テ\000ッ\000プ\0001\000：\000ス\000テ\000ー\000ク\000ホ\000ル\000ダ\000の\000設\000定\000ス\000テ\000ッ\000プ\0001\000：\000ス\000テ\000ー\000ク\000ホ\000ル\000ダ\000の\000設\000定}{section.5.7}% 79
\BOOKMARK [2][-]{subsection.5.7.3}{\376\377\000ス\000テ\000ッ\000プ\0002\000：\000D\000-\000C\000a\000s\000e\000の\000記\000述\000ス\000テ\000ッ\000プ\0002\000：\000D\000-\000C\000a\000s\000e\000の\000記\000述}{section.5.7}% 80
\BOOKMARK [2][-]{subsection.5.7.4}{\376\377\000ス\000テ\000ッ\000プ\0003\000：\000合\000意\000形\000成\000の\000実\000施\000ス\000テ\000ッ\000プ\0003\000：\000合\000意\000形\000成\000の\000実\000施}{section.5.7}% 81
\BOOKMARK [2][-]{subsection.5.7.5}{\376\377\000D\000-\000C\000a\000s\000e\000の\000評\000価\000基\000準\000D\000-\000C\000a\000s\000e\000の\000評\000価\000基\000準}{section.5.7}% 82
\BOOKMARK [1][-]{section.5.8}{\376\377\000事\000例\000紹\000介\000：\000自\000動\000運\000転\000シ\000ス\000テ\000ム\000事\000例\000紹\000介\000：\000自\000動\000運\000転\000シ\000ス\000テ\000ム}{chapter.5}% 83
\BOOKMARK [2][-]{subsection.5.8.1}{\376\377\000レ\000ベ\000ル\0004\000自\000動\000運\000転\000シ\000ス\000テ\000ム\000の\000事\000例\000レ\000ベ\000ル\0004\000自\000動\000運\000転\000シ\000ス\000テ\000ム\000の\000事\000例}{section.5.8}% 84
\BOOKMARK [2][-]{subsection.5.8.2}{\376\377\000継\000続\000的\000ア\000シ\000ュ\000ア\000ラ\000ン\000ス\000の\000重\000要\000性\000継\000続\000的\000ア\000シ\000ュ\000ア\000ラ\000ン\000ス\000の\000重\000要\000性}{section.5.8}% 85
\BOOKMARK [2][-]{subsection.5.8.3}{\376\377\000ア\000シ\000ュ\000ア\000ラ\000ン\000ス\000ケ\000ー\000ス\000の\000ト\000ッ\000プ\000レ\000ベ\000ル\000構\000造\000ア\000シ\000ュ\000ア\000ラ\000ン\000ス\000ケ\000ー\000ス\000の\000ト\000ッ\000プ\000レ\000ベ\000ル\000構\000造}{section.5.8}% 86
\BOOKMARK [2][-]{subsection.5.8.4}{\376\377\000特\000定\000の\000ユ\000ー\000ス\000ケ\000ー\000ス\000の\000妥\000当\000性\000検\000証\000特\000定\000の\000ユ\000ー\000ス\000ケ\000ー\000ス\000の\000妥\000当\000性\000検\000証}{section.5.8}% 87
\BOOKMARK [1][-]{section.5.9}{\376\377\000ま\000と\000め\000ま\000と\000め}{chapter.5}% 88
\BOOKMARK [1][-]{section.5.10}{\376\377\000D\000-\000C\000a\000s\000e\000の\000実\000践\000演\000習\000：\000ス\000マ\000ー\000ト\000内\000覧\000シ\000ス\000テ\000ム\000D\000-\000C\000a\000s\000e\000の\000実\000践\000演\000習\000：\000ス\000マ\000ー\000ト\000内\000覧\000シ\000ス\000テ\000ム}{chapter.5}% 89
\BOOKMARK [2][-]{subsection.5.10.1}{\376\377\000演\000習\000の\000概\000要\000演\000習\000の\000概\000要}{section.5.10}% 90
\BOOKMARK [2][-]{subsection.5.10.2}{\376\377\000テ\000ー\000マ\000：\000ス\000マ\000ー\000ト\000内\000覧\000シ\000ス\000テ\000ム\000テ\000ー\000マ\000：\000ス\000マ\000ー\000ト\000内\000覧\000シ\000ス\000テ\000ム}{section.5.10}% 91
\BOOKMARK [2][-]{subsection.5.10.3}{\376\377\000ス\000テ\000ッ\000プ\0001\000：\000ス\000テ\000ー\000ク\000ホ\000ル\000ダ\000分\000析\000ス\000テ\000ッ\000プ\0001\000：\000ス\000テ\000ー\000ク\000ホ\000ル\000ダ\000分\000析}{section.5.10}% 92
\BOOKMARK [2][-]{subsection.5.10.4}{\376\377\000ス\000テ\000ッ\000プ\0002\000：\000D\000-\000C\000a\000s\000e\000の\000記\000述\000ス\000テ\000ッ\000プ\0002\000：\000D\000-\000C\000a\000s\000e\000の\000記\000述}{section.5.10}% 93
\BOOKMARK [2][-]{subsection.5.10.5}{\376\377\000ス\000テ\000ッ\000プ\0003\000：\000合\000意\000形\000成\000の\000実\000施\000ス\000テ\000ッ\000プ\0003\000：\000合\000意\000形\000成\000の\000実\000施}{section.5.10}% 94
\BOOKMARK [2][-]{subsection.5.10.6}{\376\377\000D\000-\000C\000a\000s\000e\000の\000評\000価\000D\000-\000C\000a\000s\000e\000の\000評\000価}{section.5.10}% 95
\BOOKMARK [2][-]{subsection.5.10.7}{\376\377\000演\000習\000課\000題\000演\000習\000課\000題}{section.5.10}% 96
\BOOKMARK [0][-]{chapter.6}{\376\377\000総\000合\000演\000習\000：\000自\000動\000運\000転\000シ\000ス\000テ\000ム\000の\000信\000頼\000性\000分\000析\000総\000合\000演\000習\000：\000自\000動\000運\000転\000シ\000ス\000テ\000ム\000の\000信\000頼\000性\000分\000析}{}% 97
\BOOKMARK [1][-]{section.6.1}{\376\377\000演\000習\000の\000概\000要\000演\000習\000の\000概\000要}{chapter.6}% 98
\BOOKMARK [2][-]{subsection.6.1.1}{\376\377\000対\000象\000シ\000ス\000テ\000ム\000対\000象\000シ\000ス\000テ\000ム}{section.6.1}% 99
\BOOKMARK [2][-]{subsection.6.1.2}{\376\377\000想\000定\000シ\000ナ\000リ\000オ\000想\000定\000シ\000ナ\000リ\000オ}{section.6.1}% 100
\BOOKMARK [2][-]{subsection.6.1.3}{\376\377\000目\000指\000す\000安\000全\000状\000態\000目\000指\000す\000安\000全\000状\000態}{section.6.1}% 101
\BOOKMARK [1][-]{section.6.2}{\376\377\000シ\000ス\000テ\000ム\000要\000素\000の\000概\000要\000シ\000ス\000テ\000ム\000要\000素\000の\000概\000要}{chapter.6}% 102
\BOOKMARK [2][-]{subsection.6.2.1}{\376\377\000L\000o\000c\000a\000l\000i\000z\000a\000t\000i\000o\000n\000（\000位\000置\000推\000定\000の\000た\000め\000の\000セ\000ン\000シ\000ン\000グ\000シ\000ス\000テ\000ム\000）\000L\000o\000c\000a\000l\000i\000z\000a\000t\000i\000o\000n\000（\000位\000置\000推\000定\000の\000た\000め\000の\000セ\000ン\000シ\000ン\000グ\000シ\000ス\000テ\000ム\000）}{section.6.2}% 103
\BOOKMARK [2][-]{subsection.6.2.2}{\376\377\000E\000n\000v\000i\000r\000o\000n\000m\000e\000n\000t\000a\000l\000\040\000P\000e\000r\000c\000e\000p\000t\000i\000o\000n\000\040\000S\000e\000n\000s\000o\000r\000（\000物\000標\000検\000知\000の\000た\000め\000の\000セ\000ン\000シ\000ン\000グ\000シ\000ス\000テ\000ム\000）\000E\000n\000v\000i\000r\000o\000n\000m\000e\000n\000t\000a\000l\000\040\000P\000e\000r\000c\000e\000p\000t\000i\000o\000n\000\040\000S\000e\000n\000s\000o\000r\000（\000物\000標\000検\000知\000の\000た\000め\000の\000セ\000ン\000シ\000ン\000グ\000シ\000ス\000テ\000ム\000）}{section.6.2}% 104
\BOOKMARK [2][-]{subsection.6.2.3}{\376\377\000I\000n\000t\000e\000r\000p\000r\000e\000t\000a\000t\000i\000o\000n\000\040\000a\000n\000d\000\040\000P\000r\000e\000d\000i\000c\000t\000i\000o\000n\000（\000解\000釈\000と\000予\000測\000シ\000ス\000テ\000ム\000）\000I\000n\000t\000e\000r\000p\000r\000e\000t\000a\000t\000i\000o\000n\000\040\000a\000n\000d\000\040\000P\000r\000e\000d\000i\000c\000t\000i\000o\000n\000（\000解\000釈\000と\000予\000測\000シ\000ス\000テ\000ム\000）}{section.6.2}% 105
\BOOKMARK [2][-]{subsection.6.2.4}{\376\377\000D\000r\000i\000v\000i\000n\000g\000\040\000P\000l\000a\000n\000n\000i\000n\000g\000（\000運\000転\000計\000画\000シ\000ス\000テ\000ム\000）\000D\000r\000i\000v\000i\000n\000g\000\040\000P\000l\000a\000n\000n\000i\000n\000g\000（\000運\000転\000計\000画\000シ\000ス\000テ\000ム\000）}{section.6.2}% 106
\BOOKMARK [2][-]{subsection.6.2.5}{\376\377\000A\000D\000S\000\040\000M\000o\000d\000e\000\040\000M\000a\000n\000a\000g\000e\000r\000（\000自\000動\000運\000転\000モ\000ー\000ド\000管\000理\000シ\000ス\000テ\000ム\000）\000A\000D\000S\000\040\000M\000o\000d\000e\000\040\000M\000a\000n\000a\000g\000e\000r\000（\000自\000動\000運\000転\000モ\000ー\000ド\000管\000理\000シ\000ス\000テ\000ム\000）}{section.6.2}% 107
\BOOKMARK [2][-]{subsection.6.2.6}{\376\377\000U\000s\000e\000r\000\040\000S\000t\000a\000t\000e\000\040\000D\000e\000t\000e\000r\000m\000i\000n\000a\000t\000i\000o\000n\000（\000ユ\000ー\000ザ\000ー\000状\000態\000決\000定\000シ\000ス\000テ\000ム\000）\000U\000s\000e\000r\000\040\000S\000t\000a\000t\000e\000\040\000D\000e\000t\000e\000r\000m\000i\000n\000a\000t\000i\000o\000n\000（\000ユ\000ー\000ザ\000ー\000状\000態\000決\000定\000シ\000ス\000テ\000ム\000）}{section.6.2}% 108
\BOOKMARK [2][-]{subsection.6.2.7}{\376\377\000M\000o\000n\000i\000t\000o\000r\000s\000（\000監\000視\000シ\000ス\000テ\000ム\000）\000M\000o\000n\000i\000t\000o\000r\000s\000（\000監\000視\000シ\000ス\000テ\000ム\000）}{section.6.2}% 109
\BOOKMARK [1][-]{section.6.3}{\376\377\000S\000T\000A\000M\000P\000/\000S\000T\000P\000A\000に\000よ\000る\000安\000全\000分\000析\000の\000手\000順\000S\000T\000A\000M\000P\000/\000S\000T\000P\000A\000に\000よ\000る\000安\000全\000分\000析\000の\000手\000順}{chapter.6}% 110
\BOOKMARK [1][-]{section.6.4}{\376\377\000演\000習\000課\000題\000演\000習\000課\000題}{chapter.6}% 111
\BOOKMARK [2][-]{subsection.6.4.1}{\376\377\000ロ\000ス\000（\000ア\000ク\000シ\000デ\000ン\000ト\000）\000と\000ハ\000ザ\000ー\000ド\000の\000識\000別\000ロ\000ス\000（\000ア\000ク\000シ\000デ\000ン\000ト\000）\000と\000ハ\000ザ\000ー\000ド\000の\000識\000別}{section.6.4}% 112
\BOOKMARK [2][-]{subsection.6.4.2}{\376\377\000制\000御\000構\000造\000図\000の\000モ\000デ\000ル\000化\000制\000御\000構\000造\000図\000の\000モ\000デ\000ル\000化}{section.6.4}% 113
\BOOKMARK [2][-]{subsection.6.4.3}{\376\377\000非\000安\000全\000制\000御\000動\000作\000（\000U\000C\000A\000）\000の\000識\000別\000非\000安\000全\000制\000御\000動\000作\000（\000U\000C\000A\000）\000の\000識\000別}{section.6.4}% 114
\BOOKMARK [2][-]{subsection.6.4.4}{\376\377\000ロ\000ス\000シ\000ナ\000リ\000オ\000の\000識\000別\000ロ\000ス\000シ\000ナ\000リ\000オ\000の\000識\000別}{section.6.4}% 115
\BOOKMARK [1][-]{section.6.5}{\376\377\000レ\000ポ\000ー\000ト\000作\000成\000レ\000ポ\000ー\000ト\000作\000成}{chapter.6}% 116
\BOOKMARK [1][-]{section.6.6}{\376\377\000M\000B\000S\000E\000に\000よ\000る\000ア\000ー\000キ\000テ\000ク\000チ\000ャ\000設\000計\000M\000B\000S\000E\000に\000よ\000る\000ア\000ー\000キ\000テ\000ク\000チ\000ャ\000設\000計}{chapter.6}% 117
\BOOKMARK [2][-]{subsection.6.6.1}{\376\377\000M\000B\000S\000E\000モ\000デ\000リ\000ン\000グ\000の\000手\000順\000M\000B\000S\000E\000モ\000デ\000リ\000ン\000グ\000の\000手\000順}{section.6.6}% 118
\BOOKMARK [2][-]{subsection.6.6.2}{\376\377\000M\000B\000S\000E\000モ\000デ\000リ\000ン\000グ\000の\000補\000足\000M\000B\000S\000E\000モ\000デ\000リ\000ン\000グ\000の\000補\000足}{section.6.6}% 119
\BOOKMARK [1][-]{section.6.7}{\376\377\000ア\000シ\000ュ\000ア\000ラ\000ン\000ス\000ケ\000ー\000ス\000に\000よ\000る\000シ\000ス\000テ\000ム\000保\000証\000ア\000シ\000ュ\000ア\000ラ\000ン\000ス\000ケ\000ー\000ス\000に\000よ\000る\000シ\000ス\000テ\000ム\000保\000証}{chapter.6}% 120
\BOOKMARK [2][-]{subsection.6.7.1}{\376\377\000演\000習\0001\000:\000\040\000ス\000テ\000ー\000ク\000ホ\000ル\000ダ\000ー\000の\000分\000析\000演\000習\0001\000:\000\040\000ス\000テ\000ー\000ク\000ホ\000ル\000ダ\000ー\000の\000分\000析}{section.6.7}% 121
\BOOKMARK [2][-]{subsection.6.7.2}{\376\377\000演\000習\0002\000:\000\040\000前\000提\000と\000ト\000ッ\000プ\000ゴ\000ー\000ル\000の\000設\000定\000演\000習\0002\000:\000\040\000前\000提\000と\000ト\000ッ\000プ\000ゴ\000ー\000ル\000の\000設\000定}{section.6.7}% 122
\BOOKMARK [2][-]{subsection.6.7.3}{\376\377\000演\000習\0003\000:\000\040\000サ\000ブ\000ゴ\000ー\000ル\000へ\000の\000分\000割\000演\000習\0003\000:\000\040\000サ\000ブ\000ゴ\000ー\000ル\000へ\000の\000分\000割}{section.6.7}% 123
\BOOKMARK [1][-]{section.6.8}{\376\377\000ま\000と\000め\000ま\000と\000め}{chapter.6}% 124
\BOOKMARK [1][-]{section.6.9}{\376\377\000総\000合\000演\000習\000の\000課\000題\0002\000総\000合\000演\000習\000の\000課\000題\0002}{chapter.6}% 125
\BOOKMARK [0][-]{chapter.7}{\376\377\000ま\000と\000め\000ま\000と\000め}{}% 126
\BOOKMARK [0][-]{chapter*.4}{\376\377\000引\000用\000・\000参\000考\000文\000献}{}% 127
