This is e-pTeX, Version 3.141592653-p4.0.0-220214-2.6 (utf8.euc) (TeX Live 2022) (preloaded format=platex 2023.3.3)  16 AUG 2024 11:14
entering extended mode
 restricted \write18 enabled.
 file:line:error style messages enabled.
 %&-line parsing enabled.
**chapter2.tex
(./chapter2.tex
pLaTeX2e <2023-02-14>+1 (based on LaTeX2e <2022-11-01> patch level 1)
L3 programming layer <2023-02-22>
./chapter2.tex:1: Undefined control sequence.
l.1 \chapter
            {安全分析の基本手法: FTAとFMEA}
? 
./chapter2.tex:1: Emergency stop.
l.1 
    
End of file on the terminal!

 
Here is how much of TeX's memory you used:
 17 strings out of 476707
 333 string characters out of 5805612
 1842209 words of memory out of 5000000
 20568 multiletter control sequences out of 15000+600000
 516158 words of font info for 49 fonts, out of 8000000 for 9000
 929 hyphenation exceptions out of 8191
 15i,0n,23p,86b,18s stack positions out of 10000i,1000n,20000p,200000b,200000s
No pages of output.
